This is pdfTeX, Version 3.14159265-2.6-1.40.20 (TeX Live 2019/MacPorts 2019.50896_2) (preloaded format=pdflatex 2019.11.16)  19 NOV 2019 14:40
entering extended mode
 restricted \write18 enabled.
 %&-line parsing enabled.
**report.tex
(./report.tex
LaTeX2e <2018-12-01>
(/opt/local/share/texmf-texlive/tex/latex/base/report.cls
Document Class: report 2018/09/03 v1.4i Standard LaTeX document class
(/opt/local/share/texmf-texlive/tex/latex/base/size12.clo
File: size12.clo 2018/09/03 v1.4i Standard LaTeX file (size option)
)
\c@part=\count80
\c@chapter=\count81
\c@section=\count82
\c@subsection=\count83
\c@subsubsection=\count84
\c@paragraph=\count85
\c@subparagraph=\count86
\c@figure=\count87
\c@table=\count88
\abovecaptionskip=\skip41
\belowcaptionskip=\skip42
\bibindent=\dimen102
)
(/opt/local/share/texmf-texlive/tex/latex/graphics/graphicx.sty
Package: graphicx 2017/06/01 v1.1a Enhanced LaTeX Graphics (DPC,SPQR)

(/opt/local/share/texmf-texlive/tex/latex/graphics/keyval.sty
Package: keyval 2014/10/28 v1.15 key=value parser (DPC)
\KV@toks@=\toks14
)
(/opt/local/share/texmf-texlive/tex/latex/graphics/graphics.sty
Package: graphics 2017/06/25 v1.2c Standard LaTeX Graphics (DPC,SPQR)

(/opt/local/share/texmf-texlive/tex/latex/graphics/trig.sty
Package: trig 2016/01/03 v1.10 sin cos tan (DPC)
)
(/opt/local/share/texmf-texlive/tex/latex/graphics-cfg/graphics.cfg
File: graphics.cfg 2016/06/04 v1.11 sample graphics configuration
)
Package graphics Info: Driver file: pdftex.def on input line 99.

(/opt/local/share/texmf-texlive/tex/latex/graphics-def/pdftex.def
File: pdftex.def 2018/01/08 v1.0l Graphics/color driver for pdftex
))
\Gin@req@height=\dimen103
\Gin@req@width=\dimen104
)
(/opt/local/share/texmf-texlive/tex/latex/listings/listings.sty
\lst@mode=\count89
\lst@gtempboxa=\box27
\lst@token=\toks15
\lst@length=\count90
\lst@currlwidth=\dimen105
\lst@column=\count91
\lst@pos=\count92
\lst@lostspace=\dimen106
\lst@width=\dimen107
\lst@newlines=\count93
\lst@lineno=\count94
\lst@maxwidth=\dimen108

(/opt/local/share/texmf-texlive/tex/latex/listings/lstmisc.sty
File: lstmisc.sty 2019/02/27 1.8b (Carsten Heinz)
\c@lstnumber=\count95
\lst@skipnumbers=\count96
\lst@framebox=\box28
)
(/opt/local/share/texmf-texlive/tex/latex/listings/listings.cfg
File: listings.cfg 2019/02/27 1.8b listings configuration
))
Package: listings 2019/02/27 1.8b (Carsten Heinz)

(/opt/local/share/texmf-texlive/tex/latex/ms/ragged2e.sty
Package: ragged2e 2009/05/21 v2.1 ragged2e Package (MS)


LaTeX Warning: Command \@arrayparboxrestore  has changed.
               Check if current package is valid.

(/opt/local/share/texmf-texlive/tex/latex/ms/everysel.sty
Package: everysel 2011/10/28 v1.2 EverySelectfont Package (MS)
)

! LaTeX Error: File `footmisc.sty' not found.

Type X to quit or <RETURN> to proceed,
or enter new name. (Default extension: sty)

Enter file name: 

LaTeX Warning: You have requested, on input line 145, version
               `2002/08/28' of package footmisc,
               but only version
               `'
               is available.

\CenteringLeftskip=\skip43
\RaggedLeftLeftskip=\skip44
\RaggedRightLeftskip=\skip45
\CenteringRightskip=\skip46
\RaggedLeftRightskip=\skip47
\RaggedRightRightskip=\skip48
\CenteringParfillskip=\skip49
\RaggedLeftParfillskip=\skip50
\RaggedRightParfillskip=\skip51
\JustifyingParfillskip=\skip52
\CenteringParindent=\skip53
\RaggedLeftParindent=\skip54
\RaggedRightParindent=\skip55
\JustifyingParindent=\skip56
) (/opt/local/share/texmf-texlive/tex/latex/float/float.sty
Package: float 2001/11/08 v1.3d Float enhancements (AL)
\c@float@type=\count97
\float@exts=\toks16
\float@box=\box29
\@float@everytoks=\toks17
\@floatcapt=\box30
) (./report.aux)
\openout1 = `report.aux'.

LaTeX Font Info:    Checking defaults for OML/cmm/m/it on input line 14.
LaTeX Font Info:    ... okay on input line 14.
LaTeX Font Info:    Checking defaults for T1/cmr/m/n on input line 14.
LaTeX Font Info:    ... okay on input line 14.
LaTeX Font Info:    Checking defaults for OT1/cmr/m/n on input line 14.
LaTeX Font Info:    ... okay on input line 14.
LaTeX Font Info:    Checking defaults for OMS/cmsy/m/n on input line 14.
LaTeX Font Info:    ... okay on input line 14.
LaTeX Font Info:    Checking defaults for OMX/cmex/m/n on input line 14.
LaTeX Font Info:    ... okay on input line 14.
LaTeX Font Info:    Checking defaults for U/cmr/m/n on input line 14.
LaTeX Font Info:    ... okay on input line 14.

(/opt/local/share/texmf-texlive/tex/context/base/mkii/supp-pdf.mkii
[Loading MPS to PDF converter (version 2006.09.02).]
\scratchcounter=\count98
\scratchdimen=\dimen109
\scratchbox=\box31
\nofMPsegments=\count99
\nofMParguments=\count100
\everyMPshowfont=\toks18
\MPscratchCnt=\count101
\MPscratchDim=\dimen110
\MPnumerator=\count102
\makeMPintoPDFobject=\count103
\everyMPtoPDFconversion=\toks19
) (/opt/local/share/texmf-texlive/tex/latex/oberdiek/epstopdf-base.sty
Package: epstopdf-base 2016/05/15 v2.6 Base part for package epstopdf

(/opt/local/share/texmf-texlive/tex/generic/oberdiek/infwarerr.sty
Package: infwarerr 2016/05/16 v1.4 Providing info/warning/error messages (HO)
)
(/opt/local/share/texmf-texlive/tex/latex/oberdiek/grfext.sty
Package: grfext 2016/05/16 v1.2 Manage graphics extensions (HO)

(/opt/local/share/texmf-texlive/tex/generic/oberdiek/kvdefinekeys.sty
Package: kvdefinekeys 2016/05/16 v1.4 Define keys (HO)

(/opt/local/share/texmf-texlive/tex/generic/oberdiek/ltxcmds.sty
Package: ltxcmds 2016/05/16 v1.23 LaTeX kernel commands for general use (HO)
)))
(/opt/local/share/texmf-texlive/tex/latex/oberdiek/kvoptions.sty
Package: kvoptions 2016/05/16 v3.12 Key value format for package options (HO)

(/opt/local/share/texmf-texlive/tex/generic/oberdiek/kvsetkeys.sty
Package: kvsetkeys 2016/05/16 v1.17 Key value parser (HO)

(/opt/local/share/texmf-texlive/tex/generic/oberdiek/etexcmds.sty
Package: etexcmds 2016/05/16 v1.6 Avoid name clashes with e-TeX commands (HO)

(/opt/local/share/texmf-texlive/tex/generic/oberdiek/ifluatex.sty
Package: ifluatex 2016/05/16 v1.4 Provides the ifluatex switch (HO)
Package ifluatex Info: LuaTeX not detected.
))))
(/opt/local/share/texmf-texlive/tex/generic/oberdiek/pdftexcmds.sty
Package: pdftexcmds 2018/09/10 v0.29 Utility functions of pdfTeX for LuaTeX (HO
)

(/opt/local/share/texmf-texlive/tex/generic/oberdiek/ifpdf.sty
Package: ifpdf 2018/09/07 v3.3 Provides the ifpdf switch
)
Package pdftexcmds Info: LuaTeX not detected.
Package pdftexcmds Info: \pdf@primitive is available.
Package pdftexcmds Info: \pdf@ifprimitive is available.
Package pdftexcmds Info: \pdfdraftmode found.
)
Package epstopdf-base Info: Redefining graphics rule for `.eps' on input line 4
38.
Package grfext Info: Graphics extension search list:
(grfext)             [.pdf,.png,.jpg,.mps,.jpeg,.jbig2,.jb2,.PDF,.PNG,.JPG,.JPE
G,.JBIG2,.JB2,.eps]
(grfext)             \AppendGraphicsExtensions on input line 456.

(/opt/local/share/texmf-texlive/tex/latex/latexconfig/epstopdf-sys.cfg
File: epstopdf-sys.cfg 2010/07/13 v1.3 Configuration of (r)epstopdf for TeX Liv
e
))
\c@lstlisting=\count104
Package ragged2e Info: ABD: executing \RaggedRight on input line 14.

ABD: EverySelectfont initializing macros
LaTeX Info: Redefining \selectfont on input line 14.
<ICT_logo.jpg, id=1, 4252.88875pt x 1467.4825pt>
File: ICT_logo.jpg Graphic file (type jpg)
<use ICT_logo.jpg>
Package pdftex.def Info: ICT_logo.jpg  used on input line 18.
(pdftex.def)             Requested size: 390.0pt x 134.55322pt.
LaTeX Font Info:    External font `cmex10' loaded for size
(Font)              <14.4> on input line 24.
LaTeX Font Info:    External font `cmex10' loaded for size
(Font)              <7> on input line 24.
 [1

{/opt/local/var/db/texmf/fonts/map/pdftex/updmap/pdftex.map} <./ICT_logo.jpg>] 
(./report.toc
LaTeX Font Info:    External font `cmex10' loaded for size
(Font)              <12> on input line 1.
LaTeX Font Info:    External font `cmex10' loaded for size
(Font)              <8> on input line 1.
LaTeX Font Info:    External font `cmex10' loaded for size
(Font)              <6> on input line 1.
)
\tf@toc=\write3
\openout3 = `report.toc'.

 [1

]
<../code/Question_01.png, id=13, 462.528pt x 346.896pt>
File: ../code/Question_01.png Graphic file (type png)
<use ../code/Question_01.png>
Package pdftex.def Info: ../code/Question_01.png  used on input line 33.
(pdftex.def)             Requested size: 390.0pt x 292.5128pt.
<../code/Question_02.png, id=15, 462.528pt x 346.896pt>
File: ../code/Question_02.png Graphic file (type png)
<use ../code/Question_02.png>
Package pdftex.def Info: ../code/Question_02.png  used on input line 43.
(pdftex.def)             Requested size: 390.0pt x 292.5128pt.
 [2 <../code/Question_01.png>]
<Question_03.jpg, id=20, 715.67375pt x 1005.7575pt>
File: Question_03.jpg Graphic file (type jpg)
<use Question_03.jpg>
Package pdftex.def Info: Question_03.jpg  used on input line 50.
(pdftex.def)             Requested size: 390.0pt x 548.08861pt.
<../code/Question_04.png, id=21, 462.528pt x 346.896pt>
File: ../code/Question_04.png Graphic file (type png)
<use ../code/Question_04.png>
Package pdftex.def Info: ../code/Question_04.png  used on input line 57.
(pdftex.def)             Requested size: 390.0pt x 292.5128pt.
 [3 <../code/Question_02.png>] [4 <./Question_03.jpg>]
<../code/Question_05.png, id=29, 462.528pt x 346.896pt>
File: ../code/Question_05.png Graphic file (type png)
<use ../code/Question_05.png>
Package pdftex.def Info: ../code/Question_05.png  used on input line 64.
(pdftex.def)             Requested size: 390.0pt x 292.5128pt.
 [5 <../code/Question_04.png>]
<../code/Question_06.png, id=34, 462.528pt x 346.896pt>
File: ../code/Question_06.png Graphic file (type png)
<use ../code/Question_06.png>
Package pdftex.def Info: ../code/Question_06.png  used on input line 72.
(pdftex.def)             Requested size: 390.0pt x 292.5128pt.
 [6 <../code/Question_05.png>]
<../code/Question_07.png, id=40, 462.528pt x 346.896pt>
File: ../code/Question_07.png Graphic file (type png)
<use ../code/Question_07.png>
Package pdftex.def Info: ../code/Question_07.png  used on input line 79.
(pdftex.def)             Requested size: 390.0pt x 292.5128pt.
 [7 <../code/Question_06.png>]
<../code/Question_08.png, id=45, 462.528pt x 346.896pt>
File: ../code/Question_08.png Graphic file (type png)
<use ../code/Question_08.png>
Package pdftex.def Info: ../code/Question_08.png  used on input line 86.
(pdftex.def)             Requested size: 390.0pt x 292.5128pt.

[8 <../code/Question_07.png>]
<../code/Question_09a.png, id=50, 462.528pt x 346.896pt>
File: ../code/Question_09a.png Graphic file (type png)
<use ../code/Question_09a.png>
Package pdftex.def Info: ../code/Question_09a.png  used on input line 96.
(pdftex.def)             Requested size: 231.26343pt x 173.44757pt.

Overfull \hbox (117.45241pt too wide) in paragraph at lines 96--97
 [][] 
 []

<../code/Question_09b.png, id=51, 462.528pt x 346.896pt>
File: ../code/Question_09b.png Graphic file (type png)
<use ../code/Question_09b.png>
Package pdftex.def Info: ../code/Question_09b.png  used on input line 102.
(pdftex.def)             Requested size: 231.26343pt x 173.44757pt.

Overfull \hbox (117.45241pt too wide) in paragraph at lines 102--103
 [][] 
 []

[9 <../code/Question_08.png>]
<../code/Question_10.png, id=56, 462.528pt x 346.896pt>
File: ../code/Question_10.png Graphic file (type png)
<use ../code/Question_10.png>
Package pdftex.def Info: ../code/Question_10.png  used on input line 113.
(pdftex.def)             Requested size: 390.0pt x 292.5128pt.
 [10 <../code/Question_09a.png> <../code/Question_09b.png>]
Overfull \hbox (1.68483pt too wide) in paragraph at lines 117--119
\OT1/cmr/m/n/12 choHal-lIR' sig-nal. The ef-fects of the part with the lower am
-pli-tude in Ques- 
 []


Underfull \hbox (badness 10000) in paragraph at lines 117--119
\OT1/cmr/m/n/12 also has a rel-a-tivly low am-pli-tude. 
 []


Underfull \hbox (badness 10000) in paragraph at lines 117--119
 
 []

<../code/Question_12.png, id=62, 462.528pt x 346.896pt>
File: ../code/Question_12.png Graphic file (type png)
<use ../code/Question_12.png>
Package pdftex.def Info: ../code/Question_12.png  used on input line 125.
(pdftex.def)             Requested size: 390.0pt x 292.5128pt.
[11 <../code/Question_10.png>]
<../code/Question_13_original.png, id=67, 462.528pt x 346.896pt>
File: ../code/Question_13_original.png Graphic file (type png)
<use ../code/Question_13_original.png>
Package pdftex.def Info: ../code/Question_13_original.png  used on input line 1
37.
(pdftex.def)             Requested size: 231.26343pt x 173.44757pt.

Overfull \hbox (117.45241pt too wide) in paragraph at lines 137--138
 [][] 
 []

<../code/Question_13.png, id=68, 462.528pt x 346.896pt>
File: ../code/Question_13.png Graphic file (type png)
<use ../code/Question_13.png>
Package pdftex.def Info: ../code/Question_13.png  used on input line 143.
(pdftex.def)             Requested size: 231.26343pt x 173.44757pt.

Overfull \hbox (117.45241pt too wide) in paragraph at lines 143--144
 [][] 
 []

<../code/Question_14.png, id=69, 462.528pt x 346.896pt>
File: ../code/Question_14.png Graphic file (type png)
<use ../code/Question_14.png>
Package pdftex.def Info: ../code/Question_14.png  used on input line 149.
(pdftex.def)             Requested size: 231.26343pt x 173.44757pt.

Overfull \hbox (117.45241pt too wide) in paragraph at lines 149--150
 [][] 
 []

[12 <../code/Question_12.png>]
File: ../code/Question_14.png Graphic file (type png)
<use ../code/Question_14.png>
Package pdftex.def Info: ../code/Question_14.png  used on input line 160.
(pdftex.def)             Requested size: 390.0pt x 292.5128pt.
 [13 <../code/Question_13_original.png> <../code/Question_13.png> <../code/Ques
tion_14.png>]
(/opt/local/share/texmf-texlive/tex/latex/listings/lstlang1.sty
File: lstlang1.sty 2019/02/27 1.8b listings language file
)
(../code/lab2_part2.py [14]
LaTeX Font Info:    Try loading font information for OML+cmr on input line 12.

(/opt/local/share/texmf-texlive/tex/latex/base/omlcmr.fd
File: omlcmr.fd 2014/09/29 v2.5h Standard LaTeX font definitions
)
LaTeX Font Info:    Font shape `OML/cmr/m/n' in size <12> not available
(Font)              Font shape `OML/cmm/m/it' tried instead on input line 12.
LaTeX Font Info:    Try loading font information for OMS+cmr on input line 20.

(/opt/local/share/texmf-texlive/tex/latex/base/omscmr.fd
File: omscmr.fd 2014/09/29 v2.5h Standard LaTeX font definitions
)
LaTeX Font Info:    Font shape `OMS/cmr/m/n' in size <12> not available
(Font)              Font shape `OMS/cmsy/m/n' tried instead on input line 20.
) [15]
(../code/lab2_part3.py [16]
LaTeX Font Info:    Font shape `OMS/cmr/m/it' in size <12> not available
(Font)              Font shape `OMS/cmsy/m/n' tried instead on input line 41.
 [17]) (../code/lab2_part4.py [18] [19]) [20]
(./report.aux) ) 
Here is how much of TeX's memory you used:
 3546 strings out of 493731
 49438 string characters out of 6152119
 412483 words of memory out of 5000000
 7232 multiletter control sequences out of 15000+600000
 9454 words of font info for 33 fonts, out of 8000000 for 9000
 430 hyphenation exceptions out of 8191
 41i,8n,42p,276b,1844s stack positions out of 5000i,500n,10000p,200000b,80000s
</opt/local/share/texmf-texlive/fonts/type1/public/amsfonts/cm/
cmbx12.pfb></opt/local/share/texmf-texlive/fonts/type1/public/amsfonts/cm/cmmi1
2.pfb></opt/local/share/texmf-texlive/fonts/type1/public/amsfonts/cm/cmr12.pfb>
</opt/local/share/texmf-texlive/fonts/type1/public/amsfonts/cm/cmr17.pfb></opt/
local/share/texmf-texlive/fonts/type1/public/amsfonts/cm/cmsy10.pfb></opt/local
/share/texmf-texlive/fonts/type1/public/amsfonts/cm/cmti12.pfb>
Output written on report.pdf (21 pages, 1556854 bytes).
PDF statistics:
 127 PDF objects out of 1000 (max. 8388607)
 67 compressed objects within 1 object stream
 0 named destinations out of 1000 (max. 500000)
 81 words of extra memory for PDF output out of 10000 (max. 10000000)

